<?xml version="1.0" encoding="UTF-8"?>
<coverage generated="1664815115790" clover="3.2.0">
  <project timestamp="1664815115790" name="All files">
    <metrics statements="8" coveredstatements="5" conditionals="0" coveredconditionals="0" methods="1" coveredmethods="0" elements="9" coveredelements="5" complexity="0" loc="8" ncloc="8" packages="1" files="1" classes="1"/>
    <file name="journal.js" path="/Users/mayapatel/Documents/Academics/Fall 2022/CSC510/Project1/Mental_Health/commands/journal.js">
      <metrics statements="8" coveredstatements="5" conditionals="0" coveredconditionals="0" methods="1" coveredmethods="0"/>
      <line num="1" count="1" type="stmt"/>
      <line num="2" count="1" type="stmt"/>
      <line num="3" count="1" type="stmt"/>
      <line num="4" count="1" type="stmt"/>
      <line num="6" count="1" type="stmt"/>
      <line num="11" count="0" type="stmt"/>
      <line num="13" count="0" type="stmt"/>
      <line num="19" count="0" type="stmt"/>
    </file>
  </project>
</coverage>
