{"/Users/mayapatel/Documents/Academics/Fall 2022/CSC510/Project1/Mental_Health/commands/journal.js": {"path":"/Users/mayapatel/Documents/Academics/Fall 2022/CSC510/Project1/Mental_Health/commands/journal.js","statementMap":{"0":{"start":{"line":1,"column":32},"end":{"line":1,"column":62}},"1":{"start":{"line":2,"column":25},"end":{"line":2,"column":46}},"2":{"start":{"line":3,"column":11},"end":{"line":3,"column":24}},"3":{"start":{"line":4,"column":18},"end":{"line":4,"column":38}},"4":{"start":{"line":6,"column":0},"end":{"line":21,"column":2}},"5":{"start":{"line":11,"column":4},"end":{"line":11,"column":53}},"6":{"start":{"line":13,"column":18},"end":{"line":17,"column":51}},"7":{"start":{"line":19,"column":22},"end":{"line":19,"column":60}}},"fnMap":{"0":{"name":"(anonymous_0)","decl":{"start":{"line":10,"column":2},"end":{"line":10,"column":3}},"loc":{"start":{"line":10,"column":38},"end":{"line":20,"column":3}},"line":10}},"branchMap":{},"s":{"0":1,"1":1,"2":1,"3":1,"4":1,"5":0,"6":0,"7":0},"f":{"0":0},"b":{},"_coverageSchema":"1a1c01bbd47fc00a2c39e90264f33305004495a9","hash":"106a1b371fd405c309773dfde5994343b2cd252c"}
}
