{"/Users/sanjanacheerla/Mental_Health/commands/exercise.js": {"path":"/Users/sanjanacheerla/Mental_Health/commands/exercise.js","statementMap":{"0":{"start":{"line":1,"column":46},"end":{"line":1,"column":67}},"1":{"start":{"line":8,"column":0},"end":{"line":49,"column":2}},"2":{"start":{"line":29,"column":4},"end":{"line":29,"column":25}},"3":{"start":{"line":30,"column":4},"end":{"line":30,"column":53}},"4":{"start":{"line":42,"column":18},"end":{"line":46,"column":32}},"5":{"start":{"line":47,"column":4},"end":{"line":47,"column":43}}},"fnMap":{"0":{"name":"(anonymous_0)","decl":{"start":{"line":28,"column":2},"end":{"line":28,"column":3}},"loc":{"start":{"line":28,"column":38},"end":{"line":48,"column":3}},"line":28}},"branchMap":{},"s":{"0":1,"1":1,"2":0,"3":0,"4":0,"5":0},"f":{"0":0},"b":{},"_coverageSchema":"1a1c01bbd47fc00a2c39e90264f33305004495a9","hash":"955fec0d51e2da63472d19102dcddc56321976e7"}
,"/Users/sanjanacheerla/Mental_Health/commands/help.js": {"path":"/Users/sanjanacheerla/Mental_Health/commands/help.js","statementMap":{"0":{"start":{"line":1,"column":11},"end":{"line":1,"column":24}},"1":{"start":{"line":2,"column":46},"end":{"line":2,"column":67}},"2":{"start":{"line":9,"column":0},"end":{"line":61,"column":2}},"3":{"start":{"line":29,"column":4},"end":{"line":29,"column":13}},"4":{"start":{"line":30,"column":25},"end":{"line":32,"column":45}},"5":{"start":{"line":32,"column":24},"end":{"line":32,"column":44}},"6":{"start":{"line":33,"column":17},"end":{"line":33,"column":19}},"7":{"start":{"line":35,"column":4},"end":{"line":41,"column":5}},"8":{"start":{"line":36,"column":22},"end":{"line":36,"column":42}},"9":{"start":{"line":37,"column":6},"end":{"line":40,"column":9}},"10":{"start":{"line":51,"column":18},"end":{"line":56,"column":24}},"11":{"start":{"line":57,"column":4},"end":{"line":59,"column":7}}},"fnMap":{"0":{"name":"(anonymous_0)","decl":{"start":{"line":27,"column":2},"end":{"line":27,"column":3}},"loc":{"start":{"line":27,"column":29},"end":{"line":60,"column":3}},"line":27},"1":{"name":"(anonymous_1)","decl":{"start":{"line":32,"column":14},"end":{"line":32,"column":15}},"loc":{"start":{"line":32,"column":24},"end":{"line":32,"column":44}},"line":32}},"branchMap":{},"s":{"0":1,"1":1,"2":1,"3":0,"4":0,"5":0,"6":0,"7":0,"8":0,"9":0,"10":0,"11":0},"f":{"0":0,"1":0},"b":{},"_coverageSchema":"1a1c01bbd47fc00a2c39e90264f33305004495a9","hash":"0125df734a102e29fbd99463c075357e9a15a218"}
,"/Users/sanjanacheerla/Mental_Health/commands/journal.js": {"path":"/Users/sanjanacheerla/Mental_Health/commands/journal.js","statementMap":{"0":{"start":{"line":1,"column":46},"end":{"line":1,"column":67}},"1":{"start":{"line":8,"column":0},"end":{"line":47,"column":2}},"2":{"start":{"line":28,"column":4},"end":{"line":28,"column":53}},"3":{"start":{"line":29,"column":4},"end":{"line":29,"column":46}},"4":{"start":{"line":40,"column":18},"end":{"line":44,"column":51}},"5":{"start":{"line":45,"column":22},"end":{"line":45,"column":60}}},"fnMap":{"0":{"name":"(anonymous_0)","decl":{"start":{"line":27,"column":2},"end":{"line":27,"column":3}},"loc":{"start":{"line":27,"column":38},"end":{"line":46,"column":3}},"line":27}},"branchMap":{},"s":{"0":1,"1":1,"2":0,"3":0,"4":0,"5":0},"f":{"0":0},"b":{},"_coverageSchema":"1a1c01bbd47fc00a2c39e90264f33305004495a9","hash":"af0088685eb44e62a81888077246d1f6c2839a68"}
,"/Users/sanjanacheerla/Mental_Health/commands/music.js": {"path":"/Users/sanjanacheerla/Mental_Health/commands/music.js","statementMap":{"0":{"start":{"line":1,"column":46},"end":{"line":1,"column":67}},"1":{"start":{"line":8,"column":0},"end":{"line":53,"column":2}},"2":{"start":{"line":27,"column":17},"end":{"line":27,"column":19}},"3":{"start":{"line":28,"column":4},"end":{"line":31,"column":7}},"4":{"start":{"line":32,"column":4},"end":{"line":35,"column":7}},"5":{"start":{"line":45,"column":18},"end":{"line":48,"column":24}},"6":{"start":{"line":49,"column":4},"end":{"line":51,"column":7}}},"fnMap":{"0":{"name":"(anonymous_0)","decl":{"start":{"line":26,"column":2},"end":{"line":26,"column":3}},"loc":{"start":{"line":26,"column":29},"end":{"line":52,"column":3}},"line":26}},"branchMap":{},"s":{"0":1,"1":1,"2":0,"3":0,"4":0,"5":0,"6":0},"f":{"0":0},"b":{},"_coverageSchema":"1a1c01bbd47fc00a2c39e90264f33305004495a9","hash":"e60e21ea3af85e5ad3c2fadee480d57983afa70e"}
,"/Users/sanjanacheerla/Mental_Health/commands/ping.js": {"path":"/Users/sanjanacheerla/Mental_Health/commands/ping.js","statementMap":{"0":{"start":{"line":1,"column":32},"end":{"line":1,"column":62}},"1":{"start":{"line":3,"column":0},"end":{"line":10,"column":2}},"2":{"start":{"line":8,"column":4},"end":{"line":8,"column":43}}},"fnMap":{"0":{"name":"(anonymous_0)","decl":{"start":{"line":7,"column":2},"end":{"line":7,"column":3}},"loc":{"start":{"line":7,"column":29},"end":{"line":9,"column":3}},"line":7}},"branchMap":{},"s":{"0":1,"1":1,"2":0},"f":{"0":0},"b":{},"_coverageSchema":"1a1c01bbd47fc00a2c39e90264f33305004495a9","hash":"94a10e51faa6c0565e9da58c0c40dc85f6012a82"}
,"/Users/sanjanacheerla/Mental_Health/commands/puzzle.js": {"path":"/Users/sanjanacheerla/Mental_Health/commands/puzzle.js","statementMap":{"0":{"start":{"line":7,"column":4},"end":{"line":7,"column":25}},"1":{"start":{"line":9,"column":10},"end":{"line":9,"column":12}},"2":{"start":{"line":11,"column":11},"end":{"line":11,"column":31}},"3":{"start":{"line":17,"column":0},"end":{"line":168,"column":2}},"4":{"start":{"line":36,"column":14},"end":{"line":36,"column":15}},"5":{"start":{"line":37,"column":4},"end":{"line":72,"column":5}},"6":{"start":{"line":38,"column":6},"end":{"line":38,"column":15}},"7":{"start":{"line":39,"column":17},"end":{"line":39,"column":19}},"8":{"start":{"line":40,"column":6},"end":{"line":71,"column":7}},"9":{"start":{"line":40,"column":19},"end":{"line":40,"column":20}},"10":{"start":{"line":41,"column":18},"end":{"line":41,"column":20}},"11":{"start":{"line":42,"column":8},"end":{"line":46,"column":9}},"12":{"start":{"line":42,"column":21},"end":{"line":42,"column":22}},"13":{"start":{"line":43,"column":24},"end":{"line":43,"column":49}},"14":{"start":{"line":44,"column":10},"end":{"line":44,"column":36}},"15":{"start":{"line":44,"column":28},"end":{"line":44,"column":36}},"16":{"start":{"line":45,"column":10},"end":{"line":45,"column":28}},"17":{"start":{"line":48,"column":8},"end":{"line":48,"column":22}},"18":{"start":{"line":56,"column":26},"end":{"line":69,"column":9}},"19":{"start":{"line":70,"column":8},"end":{"line":70,"column":29}},"20":{"start":{"line":82,"column":16},"end":{"line":88,"column":7}},"21":{"start":{"line":89,"column":4},"end":{"line":89,"column":61}},"22":{"start":{"line":101,"column":16},"end":{"line":101,"column":47}},"23":{"start":{"line":102,"column":14},"end":{"line":102,"column":32}},"24":{"start":{"line":103,"column":14},"end":{"line":103,"column":32}},"25":{"start":{"line":104,"column":4},"end":{"line":104,"column":38}},"26":{"start":{"line":106,"column":4},"end":{"line":106,"column":64}},"27":{"start":{"line":106,"column":22},"end":{"line":106,"column":64}},"28":{"start":{"line":107,"column":15},"end":{"line":107,"column":22}},"29":{"start":{"line":109,"column":4},"end":{"line":109,"column":63}},"30":{"start":{"line":109,"column":21},"end":{"line":109,"column":63}},"31":{"start":{"line":110,"column":4},"end":{"line":110,"column":64}},"32":{"start":{"line":110,"column":22},"end":{"line":110,"column":64}},"33":{"start":{"line":111,"column":4},"end":{"line":111,"column":63}},"34":{"start":{"line":111,"column":21},"end":{"line":111,"column":63}},"35":{"start":{"line":112,"column":15},"end":{"line":112,"column":17}},"36":{"start":{"line":113,"column":4},"end":{"line":130,"column":5}},"37":{"start":{"line":113,"column":17},"end":{"line":113,"column":18}},"38":{"start":{"line":115,"column":24},"end":{"line":128,"column":7}},"39":{"start":{"line":129,"column":6},"end":{"line":129,"column":27}},"40":{"start":{"line":132,"column":14},"end":{"line":132,"column":15}},"41":{"start":{"line":133,"column":4},"end":{"line":137,"column":5}},"42":{"start":{"line":133,"column":17},"end":{"line":133,"column":18}},"43":{"start":{"line":134,"column":6},"end":{"line":136,"column":7}},"44":{"start":{"line":134,"column":19},"end":{"line":134,"column":20}},"45":{"start":{"line":135,"column":8},"end":{"line":135,"column":36}},"46":{"start":{"line":135,"column":28},"end":{"line":135,"column":36}},"47":{"start":{"line":138,"column":4},"end":{"line":166,"column":52}},"48":{"start":{"line":139,"column":17},"end":{"line":139,"column":19}},"49":{"start":{"line":140,"column":6},"end":{"line":160,"column":7}},"50":{"start":{"line":140,"column":19},"end":{"line":140,"column":20}},"51":{"start":{"line":142,"column":26},"end":{"line":158,"column":9}},"52":{"start":{"line":159,"column":8},"end":{"line":159,"column":29}},"53":{"start":{"line":161,"column":21},"end":{"line":164,"column":58}},"54":{"start":{"line":165,"column":6},"end":{"line":165,"column":67}},"55":{"start":{"line":166,"column":11},"end":{"line":166,"column":52}}},"fnMap":{"0":{"name":"(anonymous_0)","decl":{"start":{"line":35,"column":2},"end":{"line":35,"column":3}},"loc":{"start":{"line":35,"column":29},"end":{"line":90,"column":3}},"line":35},"1":{"name":"(anonymous_1)","decl":{"start":{"line":99,"column":2},"end":{"line":99,"column":3}},"loc":{"start":{"line":99,"column":33},"end":{"line":167,"column":3}},"line":99}},"branchMap":{"0":{"loc":{"start":{"line":44,"column":10},"end":{"line":44,"column":36}},"type":"if","locations":[{"start":{"line":44,"column":10},"end":{"line":44,"column":36}},{"start":{},"end":{}}],"line":44},"1":{"loc":{"start":{"line":106,"column":4},"end":{"line":106,"column":64}},"type":"if","locations":[{"start":{"line":106,"column":4},"end":{"line":106,"column":64}},{"start":{},"end":{}}],"line":106},"2":{"loc":{"start":{"line":109,"column":4},"end":{"line":109,"column":63}},"type":"if","locations":[{"start":{"line":109,"column":4},"end":{"line":109,"column":63}},{"start":{},"end":{}}],"line":109},"3":{"loc":{"start":{"line":110,"column":4},"end":{"line":110,"column":64}},"type":"if","locations":[{"start":{"line":110,"column":4},"end":{"line":110,"column":64}},{"start":{},"end":{}}],"line":110},"4":{"loc":{"start":{"line":111,"column":4},"end":{"line":111,"column":63}},"type":"if","locations":[{"start":{"line":111,"column":4},"end":{"line":111,"column":63}},{"start":{},"end":{}}],"line":111},"5":{"loc":{"start":{"line":135,"column":8},"end":{"line":135,"column":36}},"type":"if","locations":[{"start":{"line":135,"column":8},"end":{"line":135,"column":36}},{"start":{},"end":{}}],"line":135},"6":{"loc":{"start":{"line":138,"column":4},"end":{"line":166,"column":52}},"type":"if","locations":[{"start":{"line":138,"column":4},"end":{"line":166,"column":52}},{"start":{"line":166,"column":11},"end":{"line":166,"column":52}}],"line":138}},"s":{"0":1,"1":1,"2":1,"3":1,"4":0,"5":0,"6":0,"7":0,"8":0,"9":0,"10":0,"11":0,"12":0,"13":0,"14":0,"15":0,"16":0,"17":0,"18":0,"19":0,"20":0,"21":0,"22":0,"23":0,"24":0,"25":0,"26":0,"27":0,"28":0,"29":0,"30":0,"31":0,"32":0,"33":0,"34":0,"35":0,"36":0,"37":0,"38":0,"39":0,"40":0,"41":0,"42":0,"43":0,"44":0,"45":0,"46":0,"47":0,"48":0,"49":0,"50":0,"51":0,"52":0,"53":0,"54":0,"55":0},"f":{"0":0,"1":0},"b":{"0":[0,0],"1":[0,0],"2":[0,0],"3":[0,0],"4":[0,0],"5":[0,0],"6":[0,0]},"_coverageSchema":"1a1c01bbd47fc00a2c39e90264f33305004495a9","hash":"4a073adc4bbf0019dc51bbd7e6bfb9d92c5610db"}
,"/Users/sanjanacheerla/Mental_Health/commands/resources.js": {"path":"/Users/sanjanacheerla/Mental_Health/commands/resources.js","statementMap":{"0":{"start":{"line":1,"column":46},"end":{"line":1,"column":67}},"1":{"start":{"line":8,"column":0},"end":{"line":49,"column":2}},"2":{"start":{"line":28,"column":4},"end":{"line":28,"column":13}},"3":{"start":{"line":29,"column":17},"end":{"line":29,"column":19}},"4":{"start":{"line":30,"column":4},"end":{"line":31,"column":309}},"5":{"start":{"line":41,"column":18},"end":{"line":44,"column":26}},"6":{"start":{"line":45,"column":4},"end":{"line":47,"column":7}}},"fnMap":{"0":{"name":"(anonymous_0)","decl":{"start":{"line":26,"column":2},"end":{"line":26,"column":3}},"loc":{"start":{"line":26,"column":29},"end":{"line":48,"column":3}},"line":26}},"branchMap":{},"s":{"0":1,"1":1,"2":0,"3":0,"4":0,"5":0,"6":0},"f":{"0":0},"b":{},"_coverageSchema":"1a1c01bbd47fc00a2c39e90264f33305004495a9","hash":"675de21bcbc0139bf2a16070f1a841144f88fc72"}
,"/Users/sanjanacheerla/Mental_Health/commands/support_animal.js": {"path":"/Users/sanjanacheerla/Mental_Health/commands/support_animal.js","statementMap":{"0":{"start":{"line":1,"column":46},"end":{"line":1,"column":67}},"1":{"start":{"line":8,"column":0},"end":{"line":45,"column":2}},"2":{"start":{"line":28,"column":4},"end":{"line":28,"column":53}},"3":{"start":{"line":39,"column":18},"end":{"line":42,"column":32}},"4":{"start":{"line":43,"column":22},"end":{"line":43,"column":60}}},"fnMap":{"0":{"name":"(anonymous_0)","decl":{"start":{"line":27,"column":2},"end":{"line":27,"column":3}},"loc":{"start":{"line":27,"column":38},"end":{"line":44,"column":3}},"line":27}},"branchMap":{},"s":{"0":1,"1":1,"2":0,"3":0,"4":0},"f":{"0":0},"b":{},"_coverageSchema":"1a1c01bbd47fc00a2c39e90264f33305004495a9","hash":"cf69ba7e01c262fc95506e3897a922a4f5b1637e"}
}
